    PID    PPID COMMAND         COMMAND
      1       0 systemd         /sbin/init
      2       1 init-systemd(Ub /init
      8       2 init            plan9 --control-socket 7 --log-level 4 --server-fd 8 --pipe-fd 10 --log-truncate
     67       1 systemd-journal /lib/systemd/systemd-journald
     99       1 systemd-udevd   /lib/systemd/systemd-udevd
    171       1 systemd-resolve /lib/systemd/systemd-resolved
    174       1 systemd-timesyn /lib/systemd/systemd-timesyncd
    256       1 accounts-daemon /usr/lib/accountsservice/accounts-daemon
    258       1 cron            /usr/sbin/cron -f
    260       1 dbus-daemon     /usr/bin/dbus-daemon --system --address=systemd: --nofork --nopidfile --systemd-activation --syslog-only
    267       1 networkd-dispat /usr/bin/python3 /usr/bin/networkd-dispatcher --run-startup-triggers
    268       1 rsyslogd        /usr/sbin/rsyslogd -n -iNONE
    277       1 systemd-logind  /lib/systemd/systemd-logind
    300       1 agetty          /sbin/agetty -o -p -- \u --noclear --keep-baud console 115200,38400,9600 vt220
    305       1 polkitd         /usr/lib/policykit-1/polkitd --no-debug
    310       1 agetty          /sbin/agetty -o -p -- \u --noclear tty1 linux
    316       1 unattended-upgr /usr/bin/python3 /usr/share/unattended-upgrades/unattended-upgrade-shutdown --wait-for-signal
    393       2 SessionLeader   /init
    394     393 Relay(396)      /init
    396     394 sh              sh
    397       2 login           /bin/login -f
    443       1 systemd         /lib/systemd/systemd --user
    444     443 (sd-pam)        (sd-pam)
    450     397 bash            -bash
    523     393 Relay(524)      /init
    524     523 docker-desktop- /mnt/wsl/docker-desktop/docker-desktop-user-distro proxy --distro-name Ubuntu-20.04 --docker-desktop-root /mnt/wsl/docker-desktop C:\Program Files\Docker\Docker\resources
   9366       2 SessionLeader   /init
   9367    9366 Relay(9368)     /init
   9368    9367 bash            bash -lc cd /mnt/c/CCFOpenSource/Repos/Mooncake-github && env -i HOME=/root PATH=/root/.local/bin:/usr/local/sbin:/usr/local/bin:/usr/sbin:/usr/bin:/sbin:/bin cmake --build build-ccf-rdmaoff-debug --target allocation_strategy_test -j1 > /mnt/c/CCFOpenSource/Submission/logs/build_allocation_strategy_test_rdmoff_debug.log 2>&1; code=0; tail -n 160 /mnt/c/CCFOpenSource/Submission/logs/build_allocation_strategy_test_rdmoff_debug.log; exit 
   9375    9368 cmake           /usr/bin/python3 /root/.local/bin/cmake --build build-ccf-rdmaoff-debug --target allocation_strategy_test -j1
   9376    9375 cmake           /root/.local/lib/python3.8/site-packages/cmake/data/bin/cmake --build build-ccf-rdmaoff-debug --target allocation_strategy_test -j1
   9377    9376 ninja           /usr/bin/ninja -j 1 allocation_strategy_test
   9522    9377 sh              /bin/sh -c /usr/bin/g++-10 -DASIO_DYN_LINK -DASIO_SEPARATE_COMPILATION -DCONFIG_ERDMA -DGFLAGS_IS_A_DLL=0 -DGLOG_USE_GLOG_EXPORT -DUSE_HTTP -DUSE_TCP -DWITH_METRICS -DYLT_ENABLE_DL -DYLT_IBVERBS_DONT_SUPPORT_FIND_GID_INDEX -I/mnt/c/CCFOpenSource/Repos/Mooncake-github/extern/yalantinglibs/include/ylt/thirdparty -I/mnt/c/CCFOpenSource/Repos/Mooncake-github/extern/yalantinglibs/include/ylt/standalone -I/mnt/c/CCFOpenSource/Repos/Mooncake-github/extern/yalantinglibs/include -I/mnt/c/CCFOpenSource/Repos/Mooncake-github/mooncake-common/etcd -I/mnt/c/CCFOpenSource/Repos/Mooncake-github/mooncake-common/k8s-lease -I/mnt/c/CCFOpenSource/Repos/Mooncake-github/mooncake-common/include -I/mnt/c/CCFOpenSource/Repos/Mooncake-github/mooncake-transfer-engine/include -I/mnt/c/CCFOpenSource/Repos/Mooncake-github/mooncake-store/include/cachelib_memory_allocator/include -I/mnt/c/CCFOpenSource/Repos/Mooncake-github/mooncake-store/include/cachelib_memory_allocator/fake_include -I/mnt/c/CCFOpenSource/Repos/Mooncake-github/mooncake-store/include/cachelib_memory_allocator -I/mnt/c/CCFOpenSource/Repos/Mooncake-github/mooncake-store/include/mooncake-store/proto -I/mnt/c/CCFOpenSource/Repos/Mooncake-github/mooncake-store/include -I/mnt/c/CCFOpenSource/Repos/Mooncake-github/build-ccf-rdmaoff-debug/mooncake-store/include -I/mnt/c/CCFOpenSource/Repos/Mooncake-github/mooncake-store/../mooncake-transfer-engine/include -I/mnt/c/CCFOpenSource/Repos/Mooncake-github/mooncake-common/src/../include -isystem /usr/include/jsoncpp -isystem /mnt/c/CCFOpenSource/Work/local/include -Wall -Wextra -Wno-unused-parameter -fPIC -fcoroutines -O0 -std=gnu++2a -fno-tree-slp-vectorize -MD -MT mooncake-store/src/CMakeFiles/mooncake_store.dir/utils.cpp.o -MF mooncake-store/src/CMakeFiles/mooncake_store.dir/utils.cpp.o.d -o mooncake-store/src/CMakeFiles/mooncake_store.dir/utils.cpp.o -c /mnt/c/CCFOpenSource/Repos/Mooncake-github/mooncake-store/src/utils.cpp
   9523    9522 g++-10          /usr/bin/g++-10 -DASIO_DYN_LINK -DASIO_SEPARATE_COMPILATION -DCONFIG_ERDMA -DGFLAGS_IS_A_DLL=0 -DGLOG_USE_GLOG_EXPORT -DUSE_HTTP -DUSE_TCP -DWITH_METRICS -DYLT_ENABLE_DL -DYLT_IBVERBS_DONT_SUPPORT_FIND_GID_INDEX -I/mnt/c/CCFOpenSource/Repos/Mooncake-github/extern/yalantinglibs/include/ylt/thirdparty -I/mnt/c/CCFOpenSource/Repos/Mooncake-github/extern/yalantinglibs/include/ylt/standalone -I/mnt/c/CCFOpenSource/Repos/Mooncake-github/extern/yalantinglibs/include -I/mnt/c/CCFOpenSource/Repos/Mooncake-github/mooncake-common/etcd -I/mnt/c/CCFOpenSource/Repos/Mooncake-github/mooncake-common/k8s-lease -I/mnt/c/CCFOpenSource/Repos/Mooncake-github/mooncake-common/include -I/mnt/c/CCFOpenSource/Repos/Mooncake-github/mooncake-transfer-engine/include -I/mnt/c/CCFOpenSource/Repos/Mooncake-github/mooncake-store/include/cachelib_memory_allocator/include -I/mnt/c/CCFOpenSource/Repos/Mooncake-github/mooncake-store/include/cachelib_memory_allocator/fake_include -I/mnt/c/CCFOpenSource/Repos/Mooncake-github/mooncake-store/include/cachelib_memory_allocator -I/mnt/c/CCFOpenSource/Repos/Mooncake-github/mooncake-store/include/mooncake-store/proto -I/mnt/c/CCFOpenSource/Repos/Mooncake-github/mooncake-store/include -I/mnt/c/CCFOpenSource/Repos/Mooncake-github/build-ccf-rdmaoff-debug/mooncake-store/include -I/mnt/c/CCFOpenSource/Repos/Mooncake-github/mooncake-store/../mooncake-transfer-engine/include -I/mnt/c/CCFOpenSource/Repos/Mooncake-github/mooncake-common/src/../include -isystem /usr/include/jsoncpp -isystem /mnt/c/CCFOpenSource/Work/local/include -Wall -Wextra -Wno-unused-parameter -fPIC -fcoroutines -O0 -std=gnu++2a -fno-tree-slp-vectorize -MD -MT mooncake-store/src/CMakeFiles/mooncake_store.dir/utils.cpp.o -MF mooncake-store/src/CMakeFiles/mooncake_store.dir/utils.cpp.o.d -o mooncake-store/src/CMakeFiles/mooncake_store.dir/utils.cpp.o -c /mnt/c/CCFOpenSource/Repos/Mooncake-github/mooncake-store/src/utils.cpp
   9524    9523 cc1plus         /usr/lib/gcc/x86_64-linux-gnu/10/cc1plus -quiet -I /mnt/c/CCFOpenSource/Repos/Mooncake-github/extern/yalantinglibs/include/ylt/thirdparty -I /mnt/c/CCFOpenSource/Repos/Mooncake-github/extern/yalantinglibs/include/ylt/standalone -I /mnt/c/CCFOpenSource/Repos/Mooncake-github/extern/yalantinglibs/include -I /mnt/c/CCFOpenSource/Repos/Mooncake-github/mooncake-common/etcd -I /mnt/c/CCFOpenSource/Repos/Mooncake-github/mooncake-common/k8s-lease -I /mnt/c/CCFOpenSource/Repos/Mooncake-github/mooncake-common/include -I /mnt/c/CCFOpenSource/Repos/Mooncake-github/mooncake-transfer-engine/include -I /mnt/c/CCFOpenSource/Repos/Mooncake-github/mooncake-store/include/cachelib_memory_allocator/include -I /mnt/c/CCFOpenSource/Repos/Mooncake-github/mooncake-store/include/cachelib_memory_allocator/fake_include -I /mnt/c/CCFOpenSource/Repos/Mooncake-github/mooncake-store/include/cachelib_memory_allocator -I /mnt/c/CCFOpenSource/Repos/Mooncake-github/mooncake-store/include/mooncake-store/proto -I /mnt/c/CCFOpenSource/Repos/Mooncake-github/mooncake-store/include -I /mnt/c/CCFOpenSource/Repos/Mooncake-github/build-ccf-rdmaoff-debug/mooncake-store/include -I /mnt/c/CCFOpenSource/Repos/Mooncake-github/mooncake-store/../mooncake-transfer-engine/include -I /mnt/c/CCFOpenSource/Repos/Mooncake-github/mooncake-common/src/../include -imultiarch x86_64-linux-gnu -MD mooncake-store/src/CMakeFiles/mooncake_store.dir/utils.cpp.d -MF mooncake-store/src/CMakeFiles/mooncake_store.dir/utils.cpp.o.d -MT mooncake-store/src/CMakeFiles/mooncake_store.dir/utils.cpp.o -D_GNU_SOURCE -D ASIO_DYN_LINK -D ASIO_SEPARATE_COMPILATION -D CONFIG_ERDMA -D GFLAGS_IS_A_DLL=0 -D GLOG_USE_GLOG_EXPORT -D USE_HTTP -D USE_TCP -D WITH_METRICS -D YLT_ENABLE_DL -D YLT_IBVERBS_DONT_SUPPORT_FIND_GID_INDEX -isystem /usr/include/jsoncpp -isystem /mnt/c/CCFOpenSource/Work/local/include /mnt/c/CCFOpenSource/Repos/Mooncake-github/mooncake-store/src/utils.cpp -quiet -dumpbase utils.cpp -mtune=generic -march=x86-64 -auxbase-strip mooncake-store/src/CMakeFiles/mooncake_store.dir/utils.cpp.o -O0 -Wall -Wextra -Wno-unused-parameter -std=gnu++2a -fPIC -fcoroutines -fno-tree-slp-vectorize -fasynchronous-unwind-tables -fstack-protector-strong -Wformat-security -fstack-clash-protection -fcf-protection -o /tmp/ccbosUTf.s
   9525    9366 Relay(9526)     /init
   9526    9525 bash            bash -lc ps -eo pid,ppid,comm,args > /mnt/c/CCFOpenSource/Submission/logs/ps_after_debug_build_timeout.log
   9527      99 systemd-udevd   /lib/systemd/systemd-udevd
   9528      99 systemd-udevd   /lib/systemd/systemd-udevd
   9529      99 systemd-udevd   /lib/systemd/systemd-udevd
   9530      99 systemd-udevd   /lib/systemd/systemd-udevd
   9531      99 systemd-udevd   /lib/systemd/systemd-udevd
   9532      99 systemd-udevd   /lib/systemd/systemd-udevd
   9533      99 systemd-udevd   /lib/systemd/systemd-udevd
   9540    9526 ps              ps -eo pid,ppid,comm,args
