request_mib,free_ratio_choice,free_ratio_primary_can_fit,free_ratio_attempts_to_fit,free_ratio_fallback_attempts,fragmentation_aware_choice,fragmentation_aware_primary_can_fit,fragmentation_aware_attempts_to_fit,fragmentation_aware_fallback_attempts,candidates_scored
20,fragmented_high_free_a,no,3,2,contiguous_large_a,yes,1,0,5
18,fragmented_high_free_a,no,3,2,contiguous_large_a,yes,1,0,5
12,fragmented_high_free_a,no,3,2,contiguous_large_a,yes,1,0,5
10,fragmented_high_free_a,no,3,2,contiguous_large_a,yes,1,0,5
8,fragmented_high_free_a,no,3,2,contiguous_large_a,yes,1,0,5
6,fragmented_high_free_a,no,2,1,contiguous_large_a,yes,1,0,5
SUMMARY topic_aligned_store_scalability_sim
requests=6
free_ratio_primary_success=0/6
fragmentation_aware_primary_success=6/6
free_ratio_eventual_success=6/6
fragmentation_aware_eventual_success=6/6
free_ratio_fallback_attempts=11
fragmentation_aware_fallback_attempts=0
avg_candidates_scored_free_ratio=5.00
avg_candidates_scored_fragmentation_aware=5.00
free_ratio_decision_ns_per_request=121.00
fragmentation_aware_decision_ns_per_request=138.93
fragmentation_aware_extra_ns_per_request=17.93
NOTE: deterministic local simulation only; not a real Mooncake/SGLang HiCache benchmark.
PASS topic_aligned_store_scalability_sim
